2020-04-19 11:20:00 DEBUG AnnotationConfigApplicationContext:594 - Refreshing org.springframework.context.annotation.AnnotationConfigApplicationContext@7e0b37bc
2020-04-19 11:20:00 DEBUG DefaultListableBeanFactory:213 - Creating shared instance of singleton bean 'org.springframework.context.annotation.internalConfigurationAnnotationProcessor'
2020-04-19 11:20:00 DEBUG ClassPathBeanDefinitionScanner:437 - Identified candidate component class: file [D:\Work\Sristi\LabBook-master\Module3\1lab\Lab1.4\target\classes\com\capg\dao\EmployeeDaoImpl.class]
2020-04-19 11:20:00 DEBUG ClassPathBeanDefinitionScanner:437 - Identified candidate component class: file [D:\Work\Sristi\LabBook-master\Module3\1lab\Lab1.4\target\classes\com\capg\service\EmployeeServiceImpl.class]
2020-04-19 11:20:00 DEBUG DefaultListableBeanFactory:213 - Creating shared instance of singleton bean 'org.springframework.context.event.internalEventListenerProcessor'
2020-04-19 11:20:00 DEBUG DefaultListableBeanFactory:213 - Creating shared instance of singleton bean 'org.springframework.context.event.internalEventListenerFactory'
2020-04-19 11:20:00 DEBUG DefaultListableBeanFactory:213 - Creating shared instance of singleton bean 'org.springframework.context.annotation.internalAutowiredAnnotationProcessor'
2020-04-19 11:20:00 DEBUG DefaultListableBeanFactory:213 - Creating shared instance of singleton bean 'org.springframework.context.annotation.internalCommonAnnotationProcessor'
2020-04-19 11:20:00 DEBUG DefaultListableBeanFactory:213 - Creating shared instance of singleton bean 'javaConfig'
2020-04-19 11:20:00 DEBUG DefaultListableBeanFactory:213 - Creating shared instance of singleton bean 'employeeDaoImpl'
2020-04-19 11:20:00 DEBUG DefaultListableBeanFactory:213 - Creating shared instance of singleton bean 'employeeServiceImpl'
2020-04-19 11:20:00 DEBUG AnnotationConfigApplicationContext:1002 - Closing org.springframework.context.annotation.AnnotationConfigApplicationContext@7e0b37bc, started on Sun Apr 19 11:20:00 IST 2020
2020-04-19 13:20:21 DEBUG AnnotationConfigApplicationContext:594 - Refreshing org.springframework.context.annotation.AnnotationConfigApplicationContext@7e0b37bc
2020-04-19 13:20:21 DEBUG DefaultListableBeanFactory:213 - Creating shared instance of singleton bean 'org.springframework.context.annotation.internalConfigurationAnnotationProcessor'
2020-04-19 13:20:21 DEBUG ClassPathBeanDefinitionScanner:437 - Identified candidate component class: file [D:\Work\Sristi\LabBook-master\Module3\1lab\Lab1.4\target\classes\com\capg\dao\EmployeeDaoImpl.class]
2020-04-19 13:20:21 DEBUG ClassPathBeanDefinitionScanner:437 - Identified candidate component class: file [D:\Work\Sristi\LabBook-master\Module3\1lab\Lab1.4\target\classes\com\capg\service\EmployeeServiceImpl.class]
2020-04-19 13:20:21 DEBUG DefaultListableBeanFactory:213 - Creating shared instance of singleton bean 'org.springframework.context.event.internalEventListenerProcessor'
2020-04-19 13:20:21 DEBUG DefaultListableBeanFactory:213 - Creating shared instance of singleton bean 'org.springframework.context.event.internalEventListenerFactory'
2020-04-19 13:20:21 DEBUG DefaultListableBeanFactory:213 - Creating shared instance of singleton bean 'org.springframework.context.annotation.internalAutowiredAnnotationProcessor'
2020-04-19 13:20:21 DEBUG DefaultListableBeanFactory:213 - Creating shared instance of singleton bean 'org.springframework.context.annotation.internalCommonAnnotationProcessor'
2020-04-19 13:20:21 DEBUG DefaultListableBeanFactory:213 - Creating shared instance of singleton bean 'javaConfig'
2020-04-19 13:20:21 DEBUG DefaultListableBeanFactory:213 - Creating shared instance of singleton bean 'employeeDaoImpl'
2020-04-19 13:20:21 DEBUG DefaultListableBeanFactory:213 - Creating shared instance of singleton bean 'employeeServiceImpl'
2020-04-19 13:20:21 DEBUG AnnotationConfigApplicationContext:1002 - Closing org.springframework.context.annotation.AnnotationConfigApplicationContext@7e0b37bc, started on Sun Apr 19 13:20:21 IST 2020
